<?xml version="1.0" encoding="UTF-8" ?>
<testsuite tests="4" failures="0" name="com.tp2.MyResourceTest" time="1.526" errors="1" skipped="0">
  <properties>
    <property name="java.runtime.name" value="Java(TM) SE Runtime Environment"/>
    <property name="sun.boot.library.path" value="/usr/lib/jvm/java-8-oracle/jre/lib/amd64"/>
    <property name="java.vm.version" value="25.201-b09"/>
    <property name="java.vm.vendor" value="Oracle Corporation"/>
    <property name="maven.multiModuleProjectDirectory" value="/home/m1/deffontaine/Documents/M1S2/car-tp2-deffontaine-petitpre-texier/simple-service"/>
    <property name="java.vendor.url" value="http://java.oracle.com/"/>
    <property name="path.separator" value=":"/>
    <property name="guice.disable.misplaced.annotation.check" value="true"/>
    <property name="java.vm.name" value="Java HotSpot(TM) 64-Bit Server VM"/>
    <property name="file.encoding.pkg" value="sun.io"/>
    <property name="user.country" value="US"/>
    <property name="sun.java.launcher" value="SUN_STANDARD"/>
    <property name="sun.os.patch.level" value="unknown"/>
    <property name="java.vm.specification.name" value="Java Virtual Machine Specification"/>
    <property name="user.dir" value="/home/m1/deffontaine/Documents/M1S2/car-tp2-deffontaine-petitpre-texier/simple-service"/>
    <property name="java.runtime.version" value="1.8.0_201-b09"/>
    <property name="java.awt.graphicsenv" value="sun.awt.X11GraphicsEnvironment"/>
    <property name="java.endorsed.dirs" value="/usr/lib/jvm/java-8-oracle/jre/lib/endorsed"/>
    <property name="os.arch" value="amd64"/>
    <property name="java.io.tmpdir" value="/tmp"/>
    <property name="line.separator" value="
"/>
    <property name="java.vm.specification.vendor" value="Oracle Corporation"/>
    <property name="os.name" value="Linux"/>
    <property name="classworlds.conf" value="/usr/share/maven/bin/m2.conf"/>
    <property name="sun.jnu.encoding" value="UTF-8"/>
    <property name="java.library.path" value="/opt/oracle/instantclient_11_2:/usr/java/packages/lib/amd64:/usr/lib64:/lib64:/lib:/usr/lib"/>
    <property name="maven.conf" value="/usr/share/maven/conf"/>
    <property name="java.specification.name" value="Java Platform API Specification"/>
    <property name="java.class.version" value="52.0"/>
    <property name="sun.management.compiler" value="HotSpot 64-Bit Tiered Compilers"/>
    <property name="os.version" value="4.15.0-43-generic"/>
    <property name="library.jansi.path" value="/usr/share/maven/lib/jansi-native"/>
    <property name="user.home" value="/home/m1/deffontaine"/>
    <property name="user.timezone" value="Europe/Paris"/>
    <property name="java.awt.printerjob" value="sun.print.PSPrinterJob"/>
    <property name="java.specification.version" value="1.8"/>
    <property name="file.encoding" value="UTF-8"/>
    <property name="user.name" value="deffontaine"/>
    <property name="java.class.path" value="/usr/share/maven/boot/plexus-classworlds-2.x.jar"/>
    <property name="java.vm.specification.version" value="1.8"/>
    <property name="sun.arch.data.model" value="64"/>
    <property name="java.home" value="/usr/lib/jvm/java-8-oracle/jre"/>
    <property name="sun.java.command" value="org.codehaus.plexus.classworlds.launcher.Launcher package"/>
    <property name="java.specification.vendor" value="Oracle Corporation"/>
    <property name="user.language" value="en"/>
    <property name="awt.toolkit" value="sun.awt.X11.XToolkit"/>
    <property name="java.vm.info" value="mixed mode"/>
    <property name="java.version" value="1.8.0_201"/>
    <property name="java.ext.dirs" value="/usr/lib/jvm/java-8-oracle/jre/lib/ext:/usr/java/packages/lib/ext"/>
    <property name="securerandom.source" value="file:/dev/./urandom"/>
    <property name="sun.boot.class.path" value="/usr/lib/jvm/java-8-oracle/jre/lib/resources.jar:/usr/lib/jvm/java-8-oracle/jre/lib/rt.jar:/usr/lib/jvm/java-8-oracle/jre/lib/sunrsasign.jar:/usr/lib/jvm/java-8-oracle/jre/lib/jsse.jar:/usr/lib/jvm/java-8-oracle/jre/lib/jce.jar:/usr/lib/jvm/java-8-oracle/jre/lib/charsets.jar:/usr/lib/jvm/java-8-oracle/jre/lib/jfr.jar:/usr/lib/jvm/java-8-oracle/jre/classes"/>
    <property name="java.vendor" value="Oracle Corporation"/>
    <property name="maven.home" value="/usr/share/maven"/>
    <property name="file.separator" value="/"/>
    <property name="java.vendor.url.bug" value="http://bugreport.sun.com/bugreport/"/>
    <property name="sun.cpu.endian" value="little"/>
    <property name="sun.io.unicode.encoding" value="UnicodeLittle"/>
    <property name="sun.desktop" value="gnome"/>
    <property name="sun.cpu.isalist" value=""/>
  </properties>
  <testcase classname="com.tp2.MyResourceTest" name="testPwd" time="0.802"/>
  <testcase classname="com.tp2.MyResourceTest" name="testDeleteDirectory" time="0.495"/>
  <testcase classname="com.tp2.MyResourceTest" name="testAddDirectory" time="0.165">
    <error message="String index out of range: -1" type="java.lang.StringIndexOutOfBoundsException">java.lang.StringIndexOutOfBoundsException: String index out of range: -1
	at java.lang.String.substring(String.java:1960)
	at com.tp2.MyResourceTest.getListFiles(MyResourceTest.java:44)
	at com.tp2.MyResourceTest.testAddDirectory(MyResourceTest.java:87)
	at sun.reflect.NativeMethodAccessorImpl.invoke0(Native Method)
	at sun.reflect.NativeMethodAccessorImpl.invoke(NativeMethodAccessorImpl.java:62)
	at sun.reflect.DelegatingMethodAccessorImpl.invoke(DelegatingMethodAccessorImpl.java:43)
	at java.lang.reflect.Method.invoke(Method.java:498)
	at org.junit.runners.model.FrameworkMethod$1.runReflectiveCall(FrameworkMethod.java:50)
	at org.junit.internal.runners.model.ReflectiveCallable.run(ReflectiveCallable.java:12)
	at org.junit.runners.model.FrameworkMethod.invokeExplosively(FrameworkMethod.java:47)
	at org.junit.internal.runners.statements.InvokeMethod.evaluate(InvokeMethod.java:17)
	at org.junit.internal.runners.statements.RunBefores.evaluate(RunBefores.java:26)
	at org.junit.internal.runners.statements.RunAfters.evaluate(RunAfters.java:27)
	at org.junit.runners.ParentRunner.runLeaf(ParentRunner.java:325)
	at org.junit.runners.BlockJUnit4ClassRunner.runChild(BlockJUnit4ClassRunner.java:78)
	at org.junit.runners.BlockJUnit4ClassRunner.runChild(BlockJUnit4ClassRunner.java:57)
	at org.junit.runners.ParentRunner$3.run(ParentRunner.java:290)
	at org.junit.runners.ParentRunner$1.schedule(ParentRunner.java:71)
	at org.junit.runners.ParentRunner.runChildren(ParentRunner.java:288)
	at org.junit.runners.ParentRunner.access$000(ParentRunner.java:58)
	at org.junit.runners.ParentRunner$2.evaluate(ParentRunner.java:268)
	at org.junit.runners.ParentRunner.run(ParentRunner.java:363)
	at org.apache.maven.surefire.junit4.JUnit4Provider.execute(JUnit4Provider.java:252)
	at org.apache.maven.surefire.junit4.JUnit4Provider.executeTestSet(JUnit4Provider.java:141)
	at org.apache.maven.surefire.junit4.JUnit4Provider.invoke(JUnit4Provider.java:112)
	at sun.reflect.NativeMethodAccessorImpl.invoke0(Native Method)
	at sun.reflect.NativeMethodAccessorImpl.invoke(NativeMethodAccessorImpl.java:62)
	at sun.reflect.DelegatingMethodAccessorImpl.invoke(DelegatingMethodAccessorImpl.java:43)
	at java.lang.reflect.Method.invoke(Method.java:498)
	at org.apache.maven.surefire.util.ReflectionUtils.invokeMethodWithArray(ReflectionUtils.java:189)
	at org.apache.maven.surefire.booter.ProviderFactory$ProviderProxy.invoke(ProviderFactory.java:165)
	at org.apache.maven.surefire.booter.ProviderFactory.invokeProvider(ProviderFactory.java:85)
	at org.apache.maven.surefire.booter.ForkedBooter.runSuitesInProcess(ForkedBooter.java:115)
	at org.apache.maven.surefire.booter.ForkedBooter.main(ForkedBooter.java:75)
</error>
    <system-out>Connected to ftps.fil.univ-lille1.fr, port:  21
Mode set to passif
petitprec connected !
</system-out>
    <system-err>Mar 19, 2019 3:40:23 PM org.glassfish.grizzly.http.server.NetworkListener start
INFO: Started listener bound to [localhost:8080]
Mar 19, 2019 3:40:23 PM org.glassfish.grizzly.http.server.HttpServer start
INFO: [HttpServer-2] Started.
org.apache.commons.net.ftp.FTPConnectionClosedException: FTP response 421 received.  Server closed connection.
	at org.apache.commons.net.ftp.FTP.__getReply(FTP.java:388)
	at org.apache.commons.net.ftp.FTP.__getReply(FTP.java:300)
	at org.apache.commons.net.ftp.FTP._connectAction_(FTP.java:438)
	at org.apache.commons.net.ftp.FTPClient._connectAction_(FTPClient.java:962)
	at org.apache.commons.net.ftp.FTPClient._connectAction_(FTPClient.java:950)
	at org.apache.commons.net.ftp.FTPSClient._connectAction_(FTPSClient.java:222)
	at org.apache.commons.net.SocketClient._connect(SocketClient.java:244)
	at org.apache.commons.net.SocketClient.connect(SocketClient.java:202)
	at com.tp2.Ftp.&lt;init&gt;(Ftp.java:39)
	at com.tp2.MyResource.&lt;init&gt;(MyResource.java:28)
	at sun.reflect.NativeConstructorAccessorImpl.newInstance0(Native Method)
	at sun.reflect.NativeConstructorAccessorImpl.newInstance(NativeConstructorAccessorImpl.java:62)
	at sun.reflect.DelegatingConstructorAccessorImpl.newInstance(DelegatingConstructorAccessorImpl.java:45)
	at java.lang.reflect.Constructor.newInstance(Constructor.java:423)
	at org.glassfish.hk2.utilities.reflection.ReflectionHelper.makeMe(ReflectionHelper.java:1352)
	at org.jvnet.hk2.internal.ClazzCreator.createMe(ClazzCreator.java:248)
	at org.jvnet.hk2.internal.ClazzCreator.create(ClazzCreator.java:342)
	at org.jvnet.hk2.internal.SystemDescriptor.create(SystemDescriptor.java:463)
	at org.glassfish.jersey.inject.hk2.RequestContext.findOrCreate(RequestContext.java:59)
	at org.jvnet.hk2.internal.Utilities.createService(Utilities.java:2102)
	at org.jvnet.hk2.internal.ServiceLocatorImpl.internalGetService(ServiceLocatorImpl.java:754)
	at org.jvnet.hk2.internal.ServiceLocatorImpl.internalGetService(ServiceLocatorImpl.java:717)
	at org.jvnet.hk2.internal.ServiceLocatorImpl.getService(ServiceLocatorImpl.java:687)
	at org.glassfish.jersey.inject.hk2.AbstractHk2InjectionManager.getInstance(AbstractHk2InjectionManager.java:160)
	at org.glassfish.jersey.inject.hk2.ImmediateHk2InjectionManager.getInstance(ImmediateHk2InjectionManager.java:30)
	at org.glassfish.jersey.internal.inject.Injections.getOrCreate(Injections.java:105)
	at org.glassfish.jersey.server.model.MethodHandler$ClassBasedMethodHandler.getInstance(MethodHandler.java:260)
	at org.glassfish.jersey.server.internal.routing.PushMethodHandlerRouter.apply(PushMethodHandlerRouter.java:51)
	at org.glassfish.jersey.server.internal.routing.RoutingStage._apply(RoutingStage.java:86)
	at org.glassfish.jersey.server.internal.routing.RoutingStage._apply(RoutingStage.java:89)
	at org.glassfish.jersey.server.internal.routing.RoutingStage._apply(RoutingStage.java:89)
	at org.glassfish.jersey.server.internal.routing.RoutingStage._apply(RoutingStage.java:89)
	at org.glassfish.jersey.server.internal.routing.RoutingStage._apply(RoutingStage.java:89)
	at org.glassfish.jersey.server.internal.routing.RoutingStage.apply(RoutingStage.java:69)
	at org.glassfish.jersey.server.internal.routing.RoutingStage.apply(RoutingStage.java:38)
	at org.glassfish.jersey.process.internal.Stages.process(Stages.java:173)
	at org.glassfish.jersey.server.ServerRuntime$1.run(ServerRuntime.java:245)
	at org.glassfish.jersey.internal.Errors$1.call(Errors.java:248)
	at org.glassfish.jersey.internal.Errors$1.call(Errors.java:244)
	at org.glassfish.jersey.internal.Errors.process(Errors.java:292)
	at org.glassfish.jersey.internal.Errors.process(Errors.java:274)
	at org.glassfish.jersey.internal.Errors.process(Errors.java:244)
	at org.glassfish.jersey.process.internal.RequestScope.runInScope(RequestScope.java:265)
	at org.glassfish.jersey.server.ServerRuntime.process(ServerRuntime.java:232)
	at org.glassfish.jersey.server.ApplicationHandler.handle(ApplicationHandler.java:679)
	at org.glassfish.jersey.grizzly2.httpserver.GrizzlyHttpContainer.service(GrizzlyHttpContainer.java:353)
	at org.glassfish.grizzly.http.server.HttpHandler$1.run(HttpHandler.java:200)
	at org.glassfish.grizzly.threadpool.AbstractThreadPool$Worker.doWork(AbstractThreadPool.java:569)
	at org.glassfish.grizzly.threadpool.AbstractThreadPool$Worker.run(AbstractThreadPool.java:549)
	at java.lang.Thread.run(Thread.java:748)
org.apache.commons.net.ftp.FTPConnectionClosedException: Connection closed without indication.
	at org.apache.commons.net.ftp.FTP.__getReply(FTP.java:324)
	at org.apache.commons.net.ftp.FTP.__getReply(FTP.java:300)
	at org.apache.commons.net.ftp.FTP.sendCommand(FTP.java:523)
	at org.apache.commons.net.ftp.FTPSClient.sendCommand(FTPSClient.java:568)
	at org.apache.commons.net.ftp.FTP.sendCommand(FTP.java:648)
	at org.apache.commons.net.ftp.FTP.sendCommand(FTP.java:622)
	at org.apache.commons.net.ftp.FTP.syst(FTP.java:1712)
	at org.apache.commons.net.ftp.FTPClient.getSystemType(FTPClient.java:2792)
	at org.apache.commons.net.ftp.FTPClient.__createParser(FTPClient.java:3369)
	at org.apache.commons.net.ftp.FTPClient.initiateListParsing(FTPClient.java:3338)
	at org.apache.commons.net.ftp.FTPClient.listFiles(FTPClient.java:3016)
	at com.tp2.Ftp.ls(Ftp.java:99)
	at com.tp2.MyResource.ls(MyResource.java:64)
	at sun.reflect.NativeMethodAccessorImpl.invoke0(Native Method)
	at sun.reflect.NativeMethodAccessorImpl.invoke(NativeMethodAccessorImpl.java:62)
	at sun.reflect.DelegatingMethodAccessorImpl.invoke(DelegatingMethodAccessorImpl.java:43)
	at java.lang.reflect.Method.invoke(Method.java:498)
	at org.glassfish.jersey.server.model.internal.ResourceMethodInvocationHandlerFactory.lambda$static$0(ResourceMethodInvocationHandlerFactory.java:52)
	at org.glassfish.jersey.server.model.internal.AbstractJavaResourceMethodDispatcher$1.run(AbstractJavaResourceMethodDispatcher.java:124)
	at org.glassfish.jersey.server.model.internal.AbstractJavaResourceMethodDispatcher.invoke(AbstractJavaResourceMethodDispatcher.java:167)
	at org.glassfish.jersey.server.model.internal.JavaResourceMethodDispatcherProvider$ResponseOutInvoker.doDispatch(JavaResourceMethodDispatcherProvider.java:176)
	at org.glassfish.jersey.server.model.internal.AbstractJavaResourceMethodDispatcher.dispatch(AbstractJavaResourceMethodDispatcher.java:79)
	at org.glassfish.jersey.server.model.ResourceMethodInvoker.invoke(ResourceMethodInvoker.java:469)
	at org.glassfish.jersey.server.model.ResourceMethodInvoker.apply(ResourceMethodInvoker.java:391)
	at org.glassfish.jersey.server.model.ResourceMethodInvoker.apply(ResourceMethodInvoker.java:80)
	at org.glassfish.jersey.server.ServerRuntime$1.run(ServerRuntime.java:253)
	at org.glassfish.jersey.internal.Errors$1.call(Errors.java:248)
	at org.glassfish.jersey.internal.Errors$1.call(Errors.java:244)
	at org.glassfish.jersey.internal.Errors.process(Errors.java:292)
	at org.glassfish.jersey.internal.Errors.process(Errors.java:274)
	at org.glassfish.jersey.internal.Errors.process(Errors.java:244)
	at org.glassfish.jersey.process.internal.RequestScope.runInScope(RequestScope.java:265)
	at org.glassfish.jersey.server.ServerRuntime.process(ServerRuntime.java:232)
	at org.glassfish.jersey.server.ApplicationHandler.handle(ApplicationHandler.java:679)
	at org.glassfish.jersey.grizzly2.httpserver.GrizzlyHttpContainer.service(GrizzlyHttpContainer.java:353)
	at org.glassfish.grizzly.http.server.HttpHandler$1.run(HttpHandler.java:200)
	at org.glassfish.grizzly.threadpool.AbstractThreadPool$Worker.doWork(AbstractThreadPool.java:569)
	at org.glassfish.grizzly.threadpool.AbstractThreadPool$Worker.run(AbstractThreadPool.java:549)
	at java.lang.Thread.run(Thread.java:748)
Mar 19, 2019 3:40:23 PM org.glassfish.grizzly.http.server.NetworkListener shutdownNow
INFO: Stopped listener bound to [localhost:8080]
</system-err>
  </testcase>
  <testcase classname="com.tp2.MyResourceTest" name="testRequestFail" time="0.064"/>
</testsuite>